<?xml version="1.0" encoding="UTF-8"?>
<testng-results skipped="0" failed="0" total="1" passed="1">
  <reporter-output>
  </reporter-output>
  <suite name="Default suite" duration-ms="1668" started-at="2020-05-17T18:33:05Z" finished-at="2020-05-17T18:33:07Z">
    <groups>
    </groups>
    <test name="Default test" duration-ms="1668" started-at="2020-05-17T18:33:05Z" finished-at="2020-05-17T18:33:07Z">
      <class name="Table_Handling.WebTableHandling">
        <test-method status="PASS" signature="setUp()[pri:0, instance:Table_Handling.WebTableHandling@e50a6f6]" name="setUp" is-config="true" duration-ms="22881" started-at="2020-05-18T00:02:42Z" finished-at="2020-05-18T00:03:05Z">
          <reporter-output>
          </reporter-output>
        </test-method> <!-- setUp -->
        <test-method status="PASS" signature="webtableHandling()[pri:1, instance:Table_Handling.WebTableHandling@e50a6f6]" name="webtableHandling" duration-ms="1646" started-at="2020-05-18T00:03:05Z" finished-at="2020-05-18T00:03:07Z">
          <reporter-output>
          </reporter-output>
        </test-method> <!-- webtableHandling -->
      </class> <!-- Table_Handling.WebTableHandling -->
    </test> <!-- Default test -->
  </suite> <!-- Default suite -->
</testng-results>
